This is pdfTeX, Version 3.141592653-2.6-1.40.24 (TeX Live 2022) (preloaded format=pdflatex 2022.9.5)  5 SEP 2022 14:28
entering extended mode
 restricted \write18 enabled.
 %&-line parsing enabled.
**useCaseDescription.tex
(./useCaseDescription.tex
LaTeX2e <2021-11-15> patch level 1
L3 programming layer <2022-02-24>
(/usr/local/texlive/2022basic/texmf-dist/tex/latex/base/article.cls
Document Class: article 2021/10/04 v1.4n Standard LaTeX document class
(/usr/local/texlive/2022basic/texmf-dist/tex/latex/base/size10.clo
File: size10.clo 2021/10/04 v1.4n Standard LaTeX file (size option)
)
\c@part=\count185
\c@section=\count186
\c@subsection=\count187
\c@subsubsection=\count188
\c@paragraph=\count189
\c@subparagraph=\count190
\c@figure=\count191
\c@table=\count192
\abovecaptionskip=\skip47
\belowcaptionskip=\skip48
\bibindent=\dimen138
)
(/usr/local/texlive/2022basic/texmf-dist/tex/latex/base/fontenc.sty
Package: fontenc 2021/04/29 v2.0v Standard LaTeX package
)
(/usr/local/texlive/2022basic/texmf-dist/tex/latex/base/inputenc.sty
Package: inputenc 2021/02/14 v1.3d Input encoding file
\inpenc@prehook=\toks16
\inpenc@posthook=\toks17
)

! LaTeX Error: File `multirow.sty' not found.

Type X to quit or <RETURN> to proceed,
or enter new name. (Default extension: sty)

Enter file name: report.pdf

! LaTeX Error: File `report.pdf' not found.

Type X to quit or <RETURN> to proceed,
or enter new name. (Default extension: pdf)

Enter file name: 
(/usr/local/texlive/2022basic/texmf-dist/tex/latex/float/float.sty
Package: float 2001/11/08 v1.3d Float enhancements (AL)
\c@float@type=\count193
\float@exts=\toks18
\float@box=\box50
\@float@everytoks=\toks19
\@floatcapt=\box51
)
(/usr/local/texlive/2022basic/texmf-dist/tex/latex/tools/tabularx.sty
Package: tabularx 2020/01/15 v2.11c `tabularx' package (DPC)

(/usr/local/texlive/2022basic/texmf-dist/tex/latex/tools/array.sty
Package: array 2021/10/04 v2.5f Tabular extension package (FMi)
\col@sep=\dimen139
\ar@mcellbox=\box52
\extrarowheight=\dimen140
\NC@list=\toks20
\extratabsurround=\skip49
\backup@length=\skip50
\ar@cellbox=\box53
)
\TX@col@width=\dimen141
\TX@old@table=\dimen142
\TX@old@col=\dimen143
\TX@target=\dimen144
\TX@delta=\dimen145
\TX@cols=\count194
\TX@ftn=\toks21
)
(/usr/local/texlive/2022basic/texmf-dist/tex/latex/l3backend/l3backend-pdftex.d
ef
File: l3backend-pdftex.def 2022-02-07 L3 backend support: PDF output (pdfTeX)
\l__color_backend_stack_int=\count195
\l__pdf_internal_box=\box54
)
No file useCaseDescription.aux.
\openout1 = `useCaseDescription.aux'.

LaTeX Font Info:    Checking defaults for OML/cmm/m/it on input line 9.
LaTeX Font Info:    ... okay on input line 9.
LaTeX Font Info:    Checking defaults for OMS/cmsy/m/n on input line 9.
LaTeX Font Info:    ... okay on input line 9.
LaTeX Font Info:    Checking defaults for OT1/cmr/m/n on input line 9.
LaTeX Font Info:    ... okay on input line 9.
LaTeX Font Info:    Checking defaults for T1/cmr/m/n on input line 9.
LaTeX Font Info:    ... okay on input line 9.
LaTeX Font Info:    Checking defaults for TS1/cmr/m/n on input line 9.
LaTeX Font Info:    ... okay on input line 9.
LaTeX Font Info:    Checking defaults for OMX/cmex/m/n on input line 9.
LaTeX Font Info:    ... okay on input line 9.
LaTeX Font Info:    Checking defaults for U/cmr/m/n on input line 9.
LaTeX Font Info:    ... okay on input line 9.
! Undefined control sequence.
<recently read> \multirow 
                          
l.46 \end{tabularx}
                   
? 
! Undefined control sequence.
<recently read> \multirow 
                          
l.46 \end{tabularx}
                   
? 
! Undefined control sequence.
<recently read> \multirow 
                          
l.46 \end{tabularx}
                   
? 
! Undefined control sequence.
<recently read> \multirow 
                          
l.46 \end{tabularx}
                   
? 
! Undefined control sequence.
<recently read> \multirow 
                          
l.46 \end{tabularx}
                   
? 
! Undefined control sequence.
<recently read> \multirow 
                          
l.46 \end{tabularx}
                   
? 
! Undefined control sequence.
<recently read> \multirow 
                          
l.46 \end{tabularx}
                   
? 
! Undefined control sequence.
<recently read> \multirow 
                          
l.46 \end{tabularx}
                   
? 
! Undefined control sequence.
<recently read> \multirow 
                          
l.46 \end{tabularx}
                   
? 
! Undefined control sequence.
<recently read> \multirow 
                          
l.46 \end{tabularx}
                   
? 
! Undefined control sequence.
<recently read> \multirow 
                          
l.46 \end{tabularx}
                   
? 
! Undefined control sequence.
<recently read> \multirow 
                          
l.46 \end{tabularx}
                   
? 
[1

{/usr/local/texlive/2022basic/texmf-var/fonts/map/pdftex/updmap/pdftex.map}]
(./useCaseDescription.aux) ) 
Here is how much of TeX's memory you used:
 872 strings out of 479719
 13911 string characters out of 5880575
 304935 words of memory out of 5000000
 18935 multiletter control sequences out of 15000+600000
 470022 words of font info for 29 fonts, out of 8000000 for 9000
 319 hyphenation exceptions out of 8191
 39i,10n,48p,161b,256s stack positions out of 10000i,1000n,20000p,200000b,200000s
 </Users/douglashammarstam/Library/texlive/2022basi
c/texmf-var/fonts/pk/ljfour/jknappen/ec/ecrm1000.600pk>
Output written on useCaseDescription.pdf (1 page, 13080 bytes).
PDF statistics:
 52 PDF objects out of 1000 (max. 8388607)
 8 compressed objects within 1 object stream
 0 named destinations out of 1000 (max. 500000)
 1 words of extra memory for PDF output out of 10000 (max. 10000000)

